<?xml version="1.0" encoding="UTF-8"?>
<coverage generated="1723830640597" clover="3.2.0">
  <project timestamp="1723830640597" name="All files">
    <metrics statements="242" coveredstatements="127" conditionals="96" coveredconditionals="44" methods="53" coveredmethods="27" elements="391" coveredelements="198" complexity="0" loc="242" ncloc="242" packages="2" files="5" classes="5"/>
    <package name="src">
      <metrics statements="56" coveredstatements="51" conditionals="18" coveredconditionals="16" methods="19" coveredmethods="18"/>
      <file name="logger.ts" path="/Users/jeremy/Documents/Github/node-formatted-logger/src/logger.ts">
        <metrics statements="56" coveredstatements="51" conditionals="18" coveredconditionals="16" methods="19" coveredmethods="18"/>
        <line num="1" count="1" type="stmt"/>
        <line num="4" count="1" type="stmt"/>
        <line num="5" count="1" type="stmt"/>
        <line num="8" count="1" type="stmt"/>
        <line num="10" count="13" type="stmt"/>
        <line num="43" count="1" type="stmt"/>
        <line num="44" count="13" type="stmt"/>
        <line num="45" count="13" type="stmt"/>
        <line num="47" count="13" type="stmt"/>
        <line num="50" count="13" type="stmt"/>
        <line num="55" count="1" type="stmt"/>
        <line num="59" count="8" type="cond" truecount="1" falsecount="0"/>
        <line num="60" count="8" type="stmt"/>
        <line num="62" count="0" type="stmt"/>
        <line num="66" count="16" type="stmt"/>
        <line num="67" count="16" type="cond" truecount="1" falsecount="0"/>
        <line num="68" count="16" type="stmt"/>
        <line num="70" count="0" type="stmt"/>
        <line num="74" count="24" type="stmt"/>
        <line num="79" count="16" type="cond" truecount="0" falsecount="1"/>
        <line num="80" count="0" type="stmt"/>
        <line num="84" count="16" type="stmt"/>
        <line num="85" count="16" type="cond" truecount="1" falsecount="0"/>
        <line num="86" count="16" type="stmt"/>
        <line num="88" count="0" type="stmt"/>
        <line num="90" count="0" type="stmt"/>
        <line num="95" count="8" type="stmt"/>
        <line num="99" count="17" type="cond" truecount="4" falsecount="1"/>
        <line num="100" count="15" type="cond" truecount="2" falsecount="0"/>
        <line num="101" count="1" type="cond" truecount="2" falsecount="0"/>
        <line num="102" count="1" type="stmt"/>
        <line num="103" count="2" type="stmt"/>
        <line num="104" count="2" type="stmt"/>
        <line num="105" count="2" type="stmt"/>
        <line num="107" count="1" type="cond" truecount="2" falsecount="0"/>
        <line num="109" count="14" type="stmt"/>
        <line num="110" count="14" type="stmt"/>
        <line num="111" count="14" type="stmt"/>
        <line num="121" count="4" type="cond" truecount="2" falsecount="0"/>
        <line num="122" count="4" type="stmt"/>
        <line num="123" count="4" type="stmt"/>
        <line num="131" count="4" type="cond" truecount="1" falsecount="0"/>
        <line num="132" count="4" type="stmt"/>
        <line num="133" count="4" type="stmt"/>
        <line num="134" count="4" type="stmt"/>
        <line num="136" count="4" type="stmt"/>
        <line num="145" count="1" type="stmt"/>
        <line num="146" count="1" type="stmt"/>
        <line num="154" count="4" type="stmt"/>
        <line num="155" count="4" type="stmt"/>
        <line num="164" count="2" type="stmt"/>
        <line num="165" count="2" type="stmt"/>
        <line num="174" count="2" type="stmt"/>
        <line num="175" count="2" type="stmt"/>
        <line num="184" count="8" type="stmt"/>
        <line num="185" count="8" type="stmt"/>
      </file>
    </package>
    <package name="src.lib">
      <metrics statements="186" coveredstatements="76" conditionals="78" coveredconditionals="28" methods="34" coveredmethods="9"/>
      <file name="prettyoutput.ts" path="/Users/jeremy/Documents/Github/node-formatted-logger/src/lib/prettyoutput.ts">
        <metrics statements="57" coveredstatements="20" conditionals="28" coveredconditionals="8" methods="3" coveredmethods="1"/>
        <line num="3" count="1" type="stmt"/>
        <line num="4" count="1" type="stmt"/>
        <line num="5" count="1" type="stmt"/>
        <line num="15" count="1" type="stmt"/>
        <line num="17" count="16" type="stmt"/>
        <line num="18" count="16" type="cond" truecount="1" falsecount="1"/>
        <line num="19" count="16" type="stmt"/>
        <line num="23" count="16" type="stmt"/>
        <line num="25" count="16" type="stmt"/>
        <line num="26" count="16" type="stmt"/>
        <line num="28" count="16" type="cond" truecount="0" falsecount="1"/>
        <line num="30" count="16" type="cond" truecount="2" falsecount="0"/>
        <line num="31" count="16" type="cond" truecount="2" falsecount="0"/>
        <line num="32" count="16" type="stmt"/>
        <line num="33" count="16" type="stmt"/>
        <line num="35" count="16" type="cond" truecount="1" falsecount="1"/>
        <line num="36" count="0" type="stmt"/>
        <line num="37" count="16" type="cond" truecount="1" falsecount="1"/>
        <line num="38" count="0" type="stmt"/>
        <line num="39" count="16" type="cond" truecount="1" falsecount="1"/>
        <line num="40" count="16" type="stmt"/>
        <line num="41" count="0" type="cond" truecount="0" falsecount="2"/>
        <line num="42" count="0" type="stmt"/>
        <line num="43" count="0" type="cond" truecount="0" falsecount="2"/>
        <line num="44" count="0" type="stmt"/>
        <line num="45" count="0" type="cond" truecount="0" falsecount="1"/>
        <line num="46" count="0" type="stmt"/>
        <line num="47" count="0" type="stmt"/>
        <line num="48" count="0" type="stmt"/>
        <line num="51" count="0" type="cond" truecount="0" falsecount="1"/>
        <line num="52" count="0" type="stmt"/>
        <line num="53" count="0" type="stmt"/>
        <line num="54" count="0" type="stmt"/>
        <line num="57" count="0" type="stmt"/>
        <line num="58" count="0" type="stmt"/>
        <line num="59" count="0" type="stmt"/>
        <line num="62" count="0" type="stmt"/>
        <line num="63" count="0" type="stmt"/>
        <line num="64" count="0" type="cond" truecount="0" falsecount="2"/>
        <line num="65" count="0" type="stmt"/>
        <line num="66" count="0" type="stmt"/>
        <line num="68" count="0" type="cond" truecount="0" falsecount="3"/>
        <line num="69" count="0" type="stmt"/>
        <line num="70" count="0" type="stmt"/>
        <line num="71" count="0" type="stmt"/>
        <line num="74" count="0" type="cond" truecount="0" falsecount="3"/>
        <line num="75" count="0" type="stmt"/>
        <line num="76" count="0" type="stmt"/>
        <line num="77" count="0" type="stmt"/>
        <line num="80" count="0" type="cond" truecount="0" falsecount="1"/>
        <line num="81" count="0" type="stmt"/>
        <line num="82" count="0" type="stmt"/>
        <line num="83" count="0" type="stmt"/>
        <line num="86" count="0" type="stmt"/>
        <line num="87" count="0" type="stmt"/>
        <line num="88" count="0" type="stmt"/>
        <line num="93" count="16" type="stmt"/>
      </file>
      <file name="renderer.ts" path="/Users/jeremy/Documents/Github/node-formatted-logger/src/lib/renderer.ts">
        <metrics statements="70" coveredstatements="23" conditionals="16" coveredconditionals="3" methods="16" coveredmethods="2"/>
        <line num="4" count="1" type="stmt"/>
        <line num="5" count="1" type="stmt"/>
        <line num="14" count="1" type="stmt"/>
        <line num="15" count="16" type="stmt"/>
        <line num="17" count="16" type="cond" truecount="1" falsecount="0"/>
        <line num="18" count="0" type="cond" truecount="0" falsecount="1"/>
        <line num="19" count="0" type="cond" truecount="0" falsecount="1"/>
        <line num="20" count="0" type="cond" truecount="0" falsecount="1"/>
        <line num="21" count="0" type="cond" truecount="0" falsecount="1"/>
        <line num="22" count="0" type="cond" truecount="0" falsecount="1"/>
        <line num="23" count="0" type="cond" truecount="0" falsecount="1"/>
        <line num="25" count="0" type="stmt"/>
        <line num="28" count="1" type="stmt"/>
        <line num="29" count="0" type="stmt"/>
        <line num="32" count="1" type="cond" truecount="1" falsecount="0"/>
        <line num="33" count="16" type="cond" truecount="0" falsecount="1"/>
        <line num="34" count="0" type="cond" truecount="0" falsecount="3"/>
        <line num="35" count="0" type="stmt"/>
        <line num="37" count="0" type="stmt"/>
        <line num="40" count="16" type="stmt"/>
        <line num="41" count="16" type="stmt"/>
        <line num="43" count="16" type="cond" truecount="1" falsecount="1"/>
        <line num="46" count="1" type="stmt"/>
        <line num="47" count="0" type="stmt"/>
        <line num="48" count="0" type="stmt"/>
        <line num="49" count="0" type="stmt"/>
        <line num="51" count="0" type="stmt"/>
        <line num="54" count="1" type="stmt"/>
        <line num="55" count="0" type="stmt"/>
        <line num="58" count="1" type="stmt"/>
        <line num="59" count="0" type="cond" truecount="0" falsecount="2"/>
        <line num="60" count="0" type="stmt"/>
        <line num="62" count="0" type="stmt"/>
        <line num="65" count="1" type="stmt"/>
        <line num="66" count="0" type="stmt"/>
        <line num="67" count="0" type="stmt"/>
        <line num="69" count="0" type="stmt"/>
        <line num="72" count="1" type="stmt"/>
        <line num="73" count="0" type="stmt"/>
        <line num="76" count="1" type="stmt"/>
        <line num="77" count="0" type="stmt"/>
        <line num="78" count="0" type="stmt"/>
        <line num="79" count="0" type="stmt"/>
        <line num="81" count="0" type="stmt"/>
        <line num="84" count="1" type="stmt"/>
        <line num="85" count="0" type="stmt"/>
        <line num="86" count="0" type="stmt"/>
        <line num="87" count="0" type="stmt"/>
        <line num="89" count="0" type="stmt"/>
        <line num="92" count="1" type="stmt"/>
        <line num="93" count="0" type="stmt"/>
        <line num="96" count="0" type="stmt"/>
        <line num="99" count="1" type="stmt"/>
        <line num="100" count="0" type="stmt"/>
        <line num="101" count="0" type="stmt"/>
        <line num="103" count="0" type="stmt"/>
        <line num="106" count="1" type="stmt"/>
        <line num="107" count="0" type="stmt"/>
        <line num="108" count="0" type="stmt"/>
        <line num="110" count="0" type="stmt"/>
        <line num="113" count="1" type="stmt"/>
        <line num="114" count="0" type="stmt"/>
        <line num="115" count="0" type="stmt"/>
        <line num="116" count="0" type="stmt"/>
        <line num="118" count="0" type="stmt"/>
        <line num="121" count="1" type="stmt"/>
        <line num="122" count="0" type="stmt"/>
        <line num="123" count="0" type="stmt"/>
        <line num="124" count="0" type="stmt"/>
        <line num="125" count="0" type="stmt"/>
      </file>
      <file name="typeInspect.ts" path="/Users/jeremy/Documents/Github/node-formatted-logger/src/lib/typeInspect.ts">
        <metrics statements="9" coveredstatements="7" conditionals="13" coveredconditionals="8" methods="4" coveredmethods="2"/>
        <line num="10" count="1" type="stmt"/>
        <line num="11" count="16" type="stmt"/>
        <line num="12" count="16" type="stmt"/>
        <line num="23" count="1" type="stmt"/>
        <line num="24" count="0" type="cond" truecount="0" falsecount="2"/>
        <line num="32" count="1" type="stmt"/>
        <line num="33" count="16" type="cond" truecount="2" falsecount="0"/>
        <line num="41" count="1" type="stmt"/>
        <line num="42" count="0" type="cond" truecount="0" falsecount="2"/>
      </file>
      <file name="utils.ts" path="/Users/jeremy/Documents/Github/node-formatted-logger/src/lib/utils.ts">
        <metrics statements="50" coveredstatements="26" conditionals="21" coveredconditionals="9" methods="11" coveredmethods="4"/>
        <line num="3" count="1" type="stmt"/>
        <line num="6" count="1" type="stmt"/>
        <line num="7" count="0" type="stmt"/>
        <line num="8" count="0" type="stmt"/>
        <line num="12" count="1" type="stmt"/>
        <line num="13" count="0" type="cond" truecount="0" falsecount="1"/>
        <line num="14" count="0" type="stmt"/>
        <line num="16" count="0" type="cond" truecount="0" falsecount="1"/>
        <line num="17" count="0" type="stmt"/>
        <line num="19" count="0" type="stmt"/>
        <line num="22" count="1" type="stmt"/>
        <line num="23" count="0" type="cond" truecount="0" falsecount="3"/>
        <line num="24" count="0" type="stmt"/>
        <line num="26" count="0" type="stmt"/>
        <line num="34" count="1" type="stmt"/>
        <line num="35" count="0" type="stmt"/>
        <line num="43" count="1" type="stmt"/>
        <line num="44" count="0" type="stmt"/>
        <line num="45" count="0" type="stmt"/>
        <line num="46" count="0" type="stmt"/>
        <line num="47" count="0" type="cond" truecount="0" falsecount="1"/>
        <line num="50" count="0" type="stmt"/>
        <line num="59" count="1" type="stmt"/>
        <line num="60" count="0" type="stmt"/>
        <line num="61" count="0" type="stmt"/>
        <line num="64" count="1" type="stmt"/>
        <line num="65" count="16" type="stmt"/>
        <line num="66" count="16" type="cond" truecount="0" falsecount="1"/>
        <line num="67" count="16" type="cond" truecount="0" falsecount="1"/>
        <line num="68" count="16" type="cond" truecount="0" falsecount="1"/>
        <line num="69" count="0" type="stmt"/>
        <line num="72" count="16" type="stmt"/>
        <line num="81" count="1" type="stmt"/>
        <line num="82" count="16" type="cond" truecount="1" falsecount="0"/>
        <line num="83" count="16" type="stmt"/>
        <line num="85" count="0" type="stmt"/>
        <line num="89" count="1" type="stmt"/>
        <line num="90" count="63" type="cond" truecount="3" falsecount="0"/>
        <line num="93" count="1" type="stmt"/>
        <line num="94" count="26" type="cond" truecount="1" falsecount="0"/>
        <line num="95" count="13" type="stmt"/>
        <line num="97" count="13" type="cond" truecount="3" falsecount="0"/>
        <line num="98" count="13" type="stmt"/>
        <line num="99" count="37" type="cond" truecount="1" falsecount="1"/>
        <line num="100" count="0" type="cond" truecount="0" falsecount="2"/>
        <line num="101" count="0" type="stmt"/>
        <line num="103" count="0" type="stmt"/>
        <line num="105" count="0" type="stmt"/>
        <line num="107" count="37" type="stmt"/>
        <line num="112" count="13" type="stmt"/>
      </file>
    </package>
  </project>
</coverage>
