{"/Users/jeremy/Documents/Github/node-formatted-logger/src/logger.ts": {"path":"/Users/jeremy/Documents/Github/node-formatted-logger/src/logger.ts","statementMap":{"0":{"start":{"line":1,"column":0},"end":{"line":1,"column":40}},"1":{"start":{"line":4,"column":0},"end":{"line":4,"column":44}},"2":{"start":{"line":5,"column":0},"end":{"line":5,"column":39}},"3":{"start":{"line":8,"column":13},"end":{"line":39,"column":null}},"4":{"start":{"line":10,"column":28},"end":{"line":10,"column":49}},"5":{"start":{"line":44,"column":9},"end":{"line":44,"column":32}},"6":{"start":{"line":45,"column":9},"end":{"line":45,"column":32}},"7":{"start":{"line":47,"column":9},"end":{"line":47,"column":null}},"8":{"start":{"line":50,"column":2},"end":{"line":50,"column":null}},"9":{"start":{"line":55,"column":2},"end":{"line":55,"column":null}},"10":{"start":{"line":55,"column":23},"end":{"line":55,"column":46}},"11":{"start":{"line":59,"column":2},"end":{"line":61,"column":3}},"12":{"start":{"line":60,"column":3},"end":{"line":60,"column":null}},"13":{"start":{"line":62,"column":2},"end":{"line":62,"column":null}},"14":{"start":{"line":66,"column":20},"end":{"line":66,"column":60}},"15":{"start":{"line":67,"column":2},"end":{"line":69,"column":3}},"16":{"start":{"line":68,"column":3},"end":{"line":68,"column":null}},"17":{"start":{"line":70,"column":2},"end":{"line":70,"column":null}},"18":{"start":{"line":74,"column":2},"end":{"line":74,"column":69}},"19":{"start":{"line":79,"column":2},"end":{"line":81,"column":3}},"20":{"start":{"line":80,"column":3},"end":{"line":80,"column":null}},"21":{"start":{"line":84,"column":17},"end":{"line":84,"column":46}},"22":{"start":{"line":85,"column":2},"end":{"line":87,"column":3}},"23":{"start":{"line":86,"column":3},"end":{"line":86,"column":null}},"24":{"start":{"line":88,"column":2},"end":{"line":91,"column":16}},"25":{"start":{"line":90,"column":27},"end":{"line":90,"column":97}},"26":{"start":{"line":95,"column":2},"end":{"line":95,"column":null}},"27":{"start":{"line":99,"column":2},"end":{"line":99,"column":54}},"28":{"start":{"line":99,"column":48},"end":{"line":99,"column":54}},"29":{"start":{"line":100,"column":2},"end":{"line":112,"column":3}},"30":{"start":{"line":101,"column":3},"end":{"line":101,"column":null}},"31":{"start":{"line":102,"column":3},"end":{"line":106,"column":null}},"32":{"start":{"line":103,"column":17},"end":{"line":103,"column":58}},"33":{"start":{"line":104,"column":19},"end":{"line":104,"column":46}},"34":{"start":{"line":105,"column":4},"end":{"line":105,"column":null}},"35":{"start":{"line":107,"column":3},"end":{"line":107,"column":44}},"36":{"start":{"line":109,"column":16},"end":{"line":109,"column":57}},"37":{"start":{"line":110,"column":17},"end":{"line":110,"column":48}},"38":{"start":{"line":111,"column":3},"end":{"line":111,"column":null}},"39":{"start":{"line":121,"column":2},"end":{"line":121,"column":null}},"40":{"start":{"line":122,"column":2},"end":{"line":122,"column":20}},"41":{"start":{"line":123,"column":2},"end":{"line":123,"column":null}},"42":{"start":{"line":131,"column":2},"end":{"line":135,"column":3}},"43":{"start":{"line":132,"column":3},"end":{"line":132,"column":21}},"44":{"start":{"line":133,"column":3},"end":{"line":133,"column":null}},"45":{"start":{"line":134,"column":3},"end":{"line":134,"column":null}},"46":{"start":{"line":136,"column":2},"end":{"line":136,"column":null}},"47":{"start":{"line":145,"column":2},"end":{"line":145,"column":null}},"48":{"start":{"line":146,"column":2},"end":{"line":146,"column":null}},"49":{"start":{"line":154,"column":2},"end":{"line":154,"column":null}},"50":{"start":{"line":155,"column":2},"end":{"line":155,"column":null}},"51":{"start":{"line":164,"column":2},"end":{"line":164,"column":null}},"52":{"start":{"line":165,"column":2},"end":{"line":165,"column":null}},"53":{"start":{"line":174,"column":2},"end":{"line":174,"column":null}},"54":{"start":{"line":175,"column":2},"end":{"line":175,"column":null}},"55":{"start":{"line":184,"column":2},"end":{"line":184,"column":null}},"56":{"start":{"line":185,"column":2},"end":{"line":185,"column":null}},"57":{"start":{"line":43,"column":0},"end":{"line":43,"column":21}}},"fnMap":{"0":{"name":"(anonymous_0)","decl":{"start":{"line":10,"column":18},"end":{"line":10,"column":19}},"loc":{"start":{"line":10,"column":28},"end":{"line":10,"column":49}}},"1":{"name":"(anonymous_1)","decl":{"start":{"line":49,"column":1},"end":{"line":49,"column":13}},"loc":{"start":{"line":49,"column":43},"end":{"line":51,"column":2}}},"2":{"name":"(anonymous_2)","decl":{"start":{"line":53,"column":1},"end":{"line":53,"column":7}},"loc":{"start":{"line":53,"column":33},"end":{"line":56,"column":2}}},"3":{"name":"(anonymous_3)","decl":{"start":{"line":55,"column":18},"end":{"line":55,"column":21}},"loc":{"start":{"line":55,"column":23},"end":{"line":55,"column":46}}},"4":{"name":"(anonymous_4)","decl":{"start":{"line":58,"column":9},"end":{"line":58,"column":20}},"loc":{"start":{"line":58,"column":62},"end":{"line":63,"column":2}}},"5":{"name":"(anonymous_5)","decl":{"start":{"line":65,"column":9},"end":{"line":65,"column":15}},"loc":{"start":{"line":65,"column":62},"end":{"line":71,"column":2}}},"6":{"name":"(anonymous_6)","decl":{"start":{"line":73,"column":9},"end":{"line":73,"column":15}},"loc":{"start":{"line":73,"column":15},"end":{"line":75,"column":2}}},"7":{"name":"(anonymous_7)","decl":{"start":{"line":77,"column":9},"end":{"line":77,"column":22}},"loc":{"start":{"line":77,"column":35},"end":{"line":92,"column":2}}},"8":{"name":"(anonymous_8)","decl":{"start":{"line":90,"column":9},"end":{"line":90,"column":10}},"loc":{"start":{"line":90,"column":27},"end":{"line":90,"column":97}}},"9":{"name":"(anonymous_9)","decl":{"start":{"line":94,"column":9},"end":{"line":94,"column":22}},"loc":{"start":{"line":94,"column":22},"end":{"line":96,"column":2}}},"10":{"name":"(anonymous_10)","decl":{"start":{"line":98,"column":9},"end":{"line":98,"column":14}},"loc":{"start":{"line":98,"column":83},"end":{"line":113,"column":2}}},"11":{"name":"(anonymous_11)","decl":{"start":{"line":102,"column":20},"end":{"line":102,"column":21}},"loc":{"start":{"line":102,"column":32},"end":{"line":106,"column":4}}},"12":{"name":"(anonymous_12)","decl":{"start":{"line":120,"column":1},"end":{"line":120,"column":6}},"loc":{"start":{"line":120,"column":25},"end":{"line":124,"column":2}}},"13":{"name":"(anonymous_13)","decl":{"start":{"line":130,"column":1},"end":{"line":130,"column":8}},"loc":{"start":{"line":130,"column":8},"end":{"line":137,"column":2}}},"14":{"name":"(anonymous_14)","decl":{"start":{"line":144,"column":1},"end":{"line":144,"column":6}},"loc":{"start":{"line":144,"column":25},"end":{"line":147,"column":2}}},"15":{"name":"(anonymous_15)","decl":{"start":{"line":153,"column":1},"end":{"line":153,"column":5}},"loc":{"start":{"line":153,"column":24},"end":{"line":156,"column":2}}},"16":{"name":"(anonymous_16)","decl":{"start":{"line":163,"column":1},"end":{"line":163,"column":5}},"loc":{"start":{"line":163,"column":24},"end":{"line":166,"column":2}}},"17":{"name":"(anonymous_17)","decl":{"start":{"line":173,"column":1},"end":{"line":173,"column":6}},"loc":{"start":{"line":173,"column":25},"end":{"line":176,"column":2}}},"18":{"name":"(anonymous_18)","decl":{"start":{"line":183,"column":1},"end":{"line":183,"column":4}},"loc":{"start":{"line":183,"column":23},"end":{"line":186,"column":2}}}},"branchMap":{"0":{"loc":{"start":{"line":59,"column":2},"end":{"line":61,"column":3}},"type":"if","locations":[{"start":{"line":59,"column":2},"end":{"line":61,"column":3}}]},"1":{"loc":{"start":{"line":67,"column":2},"end":{"line":69,"column":3}},"type":"if","locations":[{"start":{"line":67,"column":2},"end":{"line":69,"column":3}}]},"2":{"loc":{"start":{"line":79,"column":2},"end":{"line":81,"column":3}},"type":"if","locations":[{"start":{"line":79,"column":2},"end":{"line":81,"column":3}}]},"3":{"loc":{"start":{"line":85,"column":2},"end":{"line":87,"column":3}},"type":"if","locations":[{"start":{"line":85,"column":2},"end":{"line":87,"column":3}}]},"4":{"loc":{"start":{"line":99,"column":2},"end":{"line":99,"column":54}},"type":"if","locations":[{"start":{"line":99,"column":2},"end":{"line":99,"column":54}}]},"5":{"loc":{"start":{"line":99,"column":7},"end":{"line":99,"column":46}},"type":"cond-expr","locations":[{"start":{"line":99,"column":29},"end":{"line":99,"column":31}},{"start":{"line":99,"column":29},"end":{"line":99,"column":46}}]},"6":{"loc":{"start":{"line":99,"column":7},"end":{"line":99,"column":31}},"type":"binary-expr","locations":[{"start":{"line":99,"column":7},"end":{"line":99,"column":31}},{"start":{"line":99,"column":29},"end":{"line":99,"column":31}}]},"7":{"loc":{"start":{"line":100,"column":2},"end":{"line":112,"column":3}},"type":"if","locations":[{"start":{"line":100,"column":2},"end":{"line":112,"column":3}},{"start":{"line":108,"column":9},"end":{"line":112,"column":3}}]},"8":{"loc":{"start":{"line":101,"column":3},"end":{"line":101,"column":41}},"type":"binary-expr","locations":[{"start":{"line":101,"column":3},"end":{"line":101,"column":25}},{"start":{"line":101,"column":29},"end":{"line":101,"column":41}}]},"9":{"loc":{"start":{"line":107,"column":3},"end":{"line":107,"column":43}},"type":"binary-expr","locations":[{"start":{"line":107,"column":3},"end":{"line":107,"column":25}},{"start":{"line":107,"column":29},"end":{"line":107,"column":43}}]},"10":{"loc":{"start":{"line":121,"column":79},"end":{"line":121,"column":100}},"type":"cond-expr","locations":[{"start":{"line":121,"column":85},"end":{"line":121,"column":97}},{"start":{"line":121,"column":98},"end":{"line":121,"column":100}}]},"11":{"loc":{"start":{"line":131,"column":2},"end":{"line":135,"column":3}},"type":"if","locations":[{"start":{"line":131,"column":2},"end":{"line":135,"column":3}}]}},"s":{"0":1,"1":1,"2":1,"3":1,"4":13,"5":13,"6":13,"7":13,"8":13,"9":1,"10":1,"11":8,"12":8,"13":0,"14":16,"15":16,"16":16,"17":0,"18":24,"19":16,"20":0,"21":16,"22":16,"23":16,"24":0,"25":0,"26":8,"27":17,"28":2,"29":15,"30":1,"31":1,"32":2,"33":2,"34":2,"35":1,"36":14,"37":14,"38":14,"39":4,"40":4,"41":4,"42":4,"43":4,"44":4,"45":4,"46":4,"47":1,"48":1,"49":4,"50":4,"51":2,"52":2,"53":2,"54":2,"55":8,"56":8,"57":1},"f":{"0":13,"1":13,"2":1,"3":1,"4":8,"5":16,"6":24,"7":16,"8":0,"9":8,"10":17,"11":2,"12":4,"13":4,"14":1,"15":4,"16":2,"17":2,"18":8},"b":{"0":[8],"1":[16],"2":[0],"3":[16],"4":[2],"5":[0,17],"6":[17,17],"7":[1,14],"8":[1,1],"9":[1,1],"10":[3,1],"11":[4]}}
,"/Users/jeremy/Documents/Github/node-formatted-logger/src/lib/prettyoutput.ts": {"path":"/Users/jeremy/Documents/Github/node-formatted-logger/src/lib/prettyoutput.ts","statementMap":{"0":{"start":{"line":15,"column":0},"end":{"line":15,"column":16}},"1":{"start":{"line":3,"column":0},"end":{"line":3,"column":36}},"2":{"start":{"line":4,"column":0},"end":{"line":4,"column":42}},"3":{"start":{"line":5,"column":0},"end":{"line":5,"column":48}},"4":{"start":{"line":17,"column":18},"end":{"line":17,"column":22}},"5":{"start":{"line":18,"column":24},"end":{"line":18,"column":58}},"6":{"start":{"line":19,"column":96},"end":{"line":21,"column":6}},"7":{"start":{"line":23,"column":17},"end":{"line":23,"column":19}},"8":{"start":{"line":25,"column":4},"end":{"line":91,"column":5}},"9":{"start":{"line":26,"column":29},"end":{"line":26,"column":40}},"10":{"start":{"line":28,"column":8},"end":{"line":28,"column":36}},"11":{"start":{"line":28,"column":27},"end":{"line":28,"column":36}},"12":{"start":{"line":30,"column":22},"end":{"line":30,"column":45}},"13":{"start":{"line":31,"column":28},"end":{"line":31,"column":58}},"14":{"start":{"line":32,"column":22},"end":{"line":32,"column":40}},"15":{"start":{"line":33,"column":25},"end":{"line":33,"column":46}},"16":{"start":{"line":35,"column":8},"end":{"line":90,"column":9}},"17":{"start":{"line":36,"column":12},"end":{"line":36,"column":41}},"18":{"start":{"line":37,"column":15},"end":{"line":90,"column":9}},"19":{"start":{"line":38,"column":12},"end":{"line":38,"column":81}},"20":{"start":{"line":39,"column":15},"end":{"line":90,"column":9}},"21":{"start":{"line":40,"column":12},"end":{"line":40,"column":92}},"22":{"start":{"line":41,"column":15},"end":{"line":90,"column":9}},"23":{"start":{"line":42,"column":12},"end":{"line":42,"column":95}},"24":{"start":{"line":43,"column":15},"end":{"line":90,"column":9}},"25":{"start":{"line":44,"column":12},"end":{"line":60,"column":15}},"26":{"start":{"line":45,"column":16},"end":{"line":49,"column":17}},"27":{"start":{"line":46,"column":35},"end":{"line":46,"column":101}},"28":{"start":{"line":47,"column":20},"end":{"line":47,"column":93}},"29":{"start":{"line":48,"column":20},"end":{"line":48,"column":32}},"30":{"start":{"line":51,"column":16},"end":{"line":55,"column":17}},"31":{"start":{"line":52,"column":35},"end":{"line":52,"column":90}},"32":{"start":{"line":53,"column":20},"end":{"line":53,"column":93}},"33":{"start":{"line":54,"column":20},"end":{"line":54,"column":32}},"34":{"start":{"line":57,"column":16},"end":{"line":57,"column":132}},"35":{"start":{"line":58,"column":29},"end":{"line":58,"column":70}},"36":{"start":{"line":59,"column":16},"end":{"line":59,"column":94}},"37":{"start":{"line":62,"column":28},"end":{"line":62,"column":50}},"38":{"start":{"line":63,"column":25},"end":{"line":63,"column":58}},"39":{"start":{"line":64,"column":32},"end":{"line":64,"column":94}},"40":{"start":{"line":65,"column":12},"end":{"line":89,"column":15}},"41":{"start":{"line":66,"column":30},"end":{"line":66,"column":40}},"42":{"start":{"line":68,"column":16},"end":{"line":72,"column":17}},"43":{"start":{"line":69,"column":35},"end":{"line":69,"column":100}},"44":{"start":{"line":70,"column":20},"end":{"line":70,"column":93}},"45":{"start":{"line":71,"column":20},"end":{"line":71,"column":32}},"46":{"start":{"line":74,"column":16},"end":{"line":78,"column":17}},"47":{"start":{"line":75,"column":35},"end":{"line":75,"column":120}},"48":{"start":{"line":76,"column":20},"end":{"line":76,"column":93}},"49":{"start":{"line":77,"column":20},"end":{"line":77,"column":32}},"50":{"start":{"line":80,"column":16},"end":{"line":84,"column":17}},"51":{"start":{"line":81,"column":35},"end":{"line":81,"column":109}},"52":{"start":{"line":82,"column":20},"end":{"line":82,"column":93}},"53":{"start":{"line":83,"column":20},"end":{"line":83,"column":32}},"54":{"start":{"line":86,"column":16},"end":{"line":86,"column":132}},"55":{"start":{"line":87,"column":36},"end":{"line":87,"column":87}},"56":{"start":{"line":88,"column":16},"end":{"line":88,"column":101}},"57":{"start":{"line":93,"column":4},"end":{"line":93,"column":18}}},"fnMap":{"0":{"name":"render","decl":{"start":{"line":15,"column":16},"end":{"line":15,"column":22}},"loc":{"start":{"line":15,"column":65},"end":{"line":94,"column":1}}},"1":{"name":"(anonymous_1)","decl":{"start":{"line":44,"column":38},"end":{"line":44,"column":39}},"loc":{"start":{"line":44,"column":48},"end":{"line":60,"column":13}}},"2":{"name":"(anonymous_2)","decl":{"start":{"line":65,"column":37},"end":{"line":65,"column":38}},"loc":{"start":{"line":65,"column":45},"end":{"line":89,"column":13}}}},"branchMap":{"0":{"loc":{"start":{"line":18,"column":24},"end":{"line":18,"column":58}},"type":"cond-expr","locations":[{"start":{"line":18,"column":33},"end":{"line":18,"column":53}},{"start":{"line":18,"column":56},"end":{"line":18,"column":58}}]},"1":{"loc":{"start":{"line":28,"column":8},"end":{"line":28,"column":36}},"type":"if","locations":[{"start":{"line":28,"column":8},"end":{"line":28,"column":36}}]},"2":{"loc":{"start":{"line":30,"column":22},"end":{"line":30,"column":45}},"type":"binary-expr","locations":[{"start":{"line":30,"column":22},"end":{"line":30,"column":40}},{"start":{"line":30,"column":44},"end":{"line":30,"column":45}}]},"3":{"loc":{"start":{"line":31,"column":28},"end":{"line":31,"column":58}},"type":"binary-expr","locations":[{"start":{"line":31,"column":28},"end":{"line":31,"column":52}},{"start":{"line":31,"column":56},"end":{"line":31,"column":58}}]},"4":{"loc":{"start":{"line":35,"column":8},"end":{"line":90,"column":9}},"type":"if","locations":[{"start":{"line":35,"column":8},"end":{"line":90,"column":9}},{"start":{"line":37,"column":15},"end":{"line":90,"column":9}}]},"5":{"loc":{"start":{"line":37,"column":15},"end":{"line":90,"column":9}},"type":"if","locations":[{"start":{"line":37,"column":15},"end":{"line":90,"column":9}},{"start":{"line":39,"column":15},"end":{"line":90,"column":9}}]},"6":{"loc":{"start":{"line":39,"column":15},"end":{"line":90,"column":9}},"type":"if","locations":[{"start":{"line":39,"column":15},"end":{"line":90,"column":9}},{"start":{"line":41,"column":15},"end":{"line":90,"column":9}}]},"7":{"loc":{"start":{"line":41,"column":15},"end":{"line":90,"column":9}},"type":"if","locations":[{"start":{"line":41,"column":15},"end":{"line":90,"column":9}},{"start":{"line":43,"column":15},"end":{"line":90,"column":9}}]},"8":{"loc":{"start":{"line":43,"column":15},"end":{"line":90,"column":9}},"type":"if","locations":[{"start":{"line":43,"column":15},"end":{"line":90,"column":9}},{"start":{"line":61,"column":15},"end":{"line":90,"column":9}}]},"9":{"loc":{"start":{"line":45,"column":16},"end":{"line":49,"column":17}},"type":"if","locations":[{"start":{"line":45,"column":16},"end":{"line":49,"column":17}}]},"10":{"loc":{"start":{"line":51,"column":16},"end":{"line":55,"column":17}},"type":"if","locations":[{"start":{"line":51,"column":16},"end":{"line":55,"column":17}}]},"11":{"loc":{"start":{"line":64,"column":32},"end":{"line":64,"column":94}},"type":"cond-expr","locations":[{"start":{"line":64,"column":69},"end":{"line":64,"column":90}},{"start":{"line":64,"column":93},"end":{"line":64,"column":94}}]},"12":{"loc":{"start":{"line":68,"column":16},"end":{"line":72,"column":17}},"type":"if","locations":[{"start":{"line":68,"column":16},"end":{"line":72,"column":17}}]},"13":{"loc":{"start":{"line":68,"column":20},"end":{"line":68,"column":46}},"type":"binary-expr","locations":[{"start":{"line":68,"column":20},"end":{"line":68,"column":27}},{"start":{"line":68,"column":31},"end":{"line":68,"column":46}}]},"14":{"loc":{"start":{"line":74,"column":16},"end":{"line":78,"column":17}},"type":"if","locations":[{"start":{"line":74,"column":16},"end":{"line":78,"column":17}}]},"15":{"loc":{"start":{"line":74,"column":20},"end":{"line":74,"column":107}},"type":"binary-expr","locations":[{"start":{"line":74,"column":20},"end":{"line":74,"column":62}},{"start":{"line":74,"column":66},"end":{"line":74,"column":107}}]},"16":{"loc":{"start":{"line":80,"column":16},"end":{"line":84,"column":17}},"type":"if","locations":[{"start":{"line":80,"column":16},"end":{"line":84,"column":17}}]}},"s":{"0":1,"1":1,"2":1,"3":1,"4":16,"5":16,"6":16,"7":16,"8":16,"9":16,"10":16,"11":0,"12":16,"13":16,"14":16,"15":16,"16":16,"17":0,"18":16,"19":0,"20":16,"21":16,"22":0,"23":0,"24":0,"25":0,"26":0,"27":0,"28":0,"29":0,"30":0,"31":0,"32":0,"33":0,"34":0,"35":0,"36":0,"37":0,"38":0,"39":0,"40":0,"41":0,"42":0,"43":0,"44":0,"45":0,"46":0,"47":0,"48":0,"49":0,"50":0,"51":0,"52":0,"53":0,"54":0,"55":0,"56":0,"57":16},"f":{"0":16,"1":0,"2":0},"b":{"0":[0,16],"1":[0],"2":[16,16],"3":[16,16],"4":[0,16],"5":[0,16],"6":[16,0],"7":[0,0],"8":[0,0],"9":[0],"10":[0],"11":[0,0],"12":[0],"13":[0,0],"14":[0],"15":[0,0],"16":[0]}}
,"/Users/jeremy/Documents/Github/node-formatted-logger/src/lib/renderer.ts": {"path":"/Users/jeremy/Documents/Github/node-formatted-logger/src/lib/renderer.ts","statementMap":{"0":{"start":{"line":14,"column":0},"end":{"line":14,"column":16}},"1":{"start":{"line":28,"column":0},"end":{"line":28,"column":16}},"2":{"start":{"line":32,"column":0},"end":{"line":32,"column":16}},"3":{"start":{"line":46,"column":0},"end":{"line":46,"column":16}},"4":{"start":{"line":54,"column":0},"end":{"line":54,"column":16}},"5":{"start":{"line":58,"column":0},"end":{"line":58,"column":16}},"6":{"start":{"line":65,"column":0},"end":{"line":65,"column":16}},"7":{"start":{"line":72,"column":0},"end":{"line":72,"column":16}},"8":{"start":{"line":76,"column":0},"end":{"line":76,"column":16}},"9":{"start":{"line":84,"column":0},"end":{"line":84,"column":16}},"10":{"start":{"line":92,"column":0},"end":{"line":92,"column":16}},"11":{"start":{"line":99,"column":0},"end":{"line":99,"column":16}},"12":{"start":{"line":106,"column":0},"end":{"line":106,"column":16}},"13":{"start":{"line":113,"column":0},"end":{"line":113,"column":16}},"14":{"start":{"line":121,"column":0},"end":{"line":121,"column":16}},"15":{"start":{"line":4,"column":0},"end":{"line":4,"column":36}},"16":{"start":{"line":5,"column":0},"end":{"line":5,"column":39}},"17":{"start":{"line":15,"column":17},"end":{"line":15,"column":29}},"18":{"start":{"line":17,"column":4},"end":{"line":17,"column":48}},"19":{"start":{"line":17,"column":27},"end":{"line":17,"column":48}},"20":{"start":{"line":18,"column":4},"end":{"line":18,"column":43}},"21":{"start":{"line":18,"column":24},"end":{"line":18,"column":43}},"22":{"start":{"line":19,"column":4},"end":{"line":19,"column":45}},"23":{"start":{"line":19,"column":25},"end":{"line":19,"column":45}},"24":{"start":{"line":20,"column":4},"end":{"line":20,"column":43}},"25":{"start":{"line":20,"column":24},"end":{"line":20,"column":43}},"26":{"start":{"line":21,"column":4},"end":{"line":21,"column":53}},"27":{"start":{"line":21,"column":29},"end":{"line":21,"column":53}},"28":{"start":{"line":22,"column":4},"end":{"line":22,"column":48}},"29":{"start":{"line":22,"column":27},"end":{"line":22,"column":48}},"30":{"start":{"line":23,"column":4},"end":{"line":23,"column":50}},"31":{"start":{"line":23,"column":31},"end":{"line":23,"column":50}},"32":{"start":{"line":25,"column":4},"end":{"line":25,"column":null}},"33":{"start":{"line":29,"column":4},"end":{"line":29,"column":65}},"34":{"start":{"line":33,"column":4},"end":{"line":38,"column":5}},"35":{"start":{"line":34,"column":8},"end":{"line":36,"column":9}},"36":{"start":{"line":35,"column":12},"end":{"line":35,"column":null}},"37":{"start":{"line":37,"column":8},"end":{"line":37,"column":54}},"38":{"start":{"line":40,"column":18},"end":{"line":40,"column":51}},"39":{"start":{"line":41,"column":24},"end":{"line":41,"column":91}},"40":{"start":{"line":43,"column":4},"end":{"line":43,"column":60}},"41":{"start":{"line":47,"column":18},"end":{"line":47,"column":51}},"42":{"start":{"line":48,"column":27},"end":{"line":48,"column":81}},"43":{"start":{"line":49,"column":19},"end":{"line":49,"column":78}},"44":{"start":{"line":51,"column":4},"end":{"line":51,"column":80}},"45":{"start":{"line":55,"column":4},"end":{"line":55,"column":43}},"46":{"start":{"line":59,"column":19},"end":{"line":59,"column":39}},"47":{"start":{"line":60,"column":19},"end":{"line":60,"column":43}},"48":{"start":{"line":62,"column":4},"end":{"line":62,"column":86}},"49":{"start":{"line":66,"column":19},"end":{"line":66,"column":33}},"50":{"start":{"line":67,"column":19},"end":{"line":67,"column":37}},"51":{"start":{"line":69,"column":4},"end":{"line":69,"column":86}},"52":{"start":{"line":73,"column":4},"end":{"line":73,"column":49}},"53":{"start":{"line":77,"column":24},"end":{"line":77,"column":66}},"54":{"start":{"line":78,"column":24},"end":{"line":78,"column":67}},"55":{"start":{"line":79,"column":26},"end":{"line":79,"column":73}},"56":{"start":{"line":81,"column":4},"end":{"line":81,"column":44}},"57":{"start":{"line":85,"column":24},"end":{"line":85,"column":66}},"58":{"start":{"line":86,"column":24},"end":{"line":86,"column":67}},"59":{"start":{"line":87,"column":26},"end":{"line":87,"column":62}},"60":{"start":{"line":89,"column":4},"end":{"line":89,"column":44}},"61":{"start":{"line":93,"column":24},"end":{"line":93,"column":106}},"62":{"start":{"line":93,"column":45},"end":{"line":93,"column":88}},"63":{"start":{"line":96,"column":4},"end":{"line":96,"column":46}},"64":{"start":{"line":100,"column":25},"end":{"line":100,"column":57}},"65":{"start":{"line":101,"column":26},"end":{"line":101,"column":64}},"66":{"start":{"line":103,"column":4},"end":{"line":103,"column":45}},"67":{"start":{"line":107,"column":25},"end":{"line":107,"column":57}},"68":{"start":{"line":108,"column":26},"end":{"line":108,"column":53}},"69":{"start":{"line":110,"column":4},"end":{"line":110,"column":45}},"70":{"start":{"line":114,"column":18},"end":{"line":114,"column":52}},"71":{"start":{"line":115,"column":25},"end":{"line":115,"column":57}},"72":{"start":{"line":116,"column":26},"end":{"line":116,"column":64}},"73":{"start":{"line":118,"column":4},"end":{"line":118,"column":87}},"74":{"start":{"line":122,"column":24},"end":{"line":122,"column":66}},"75":{"start":{"line":123,"column":29},"end":{"line":123,"column":57}},"76":{"start":{"line":124,"column":26},"end":{"line":124,"column":76}},"77":{"start":{"line":125,"column":4},"end":{"line":125,"column":48}}},"fnMap":{"0":{"name":"inputColor","decl":{"start":{"line":14,"column":16},"end":{"line":14,"column":26}},"loc":{"start":{"line":14,"column":53},"end":{"line":26,"column":1}}},"1":{"name":"indent","decl":{"start":{"line":28,"column":16},"end":{"line":28,"column":22}},"loc":{"start":{"line":28,"column":54},"end":{"line":30,"column":1}}},"2":{"name":"renderSerializable","decl":{"start":{"line":32,"column":16},"end":{"line":32,"column":34}},"loc":{"start":{"line":32,"column":106},"end":{"line":44,"column":1}}},"3":{"name":"renderMultilineString","decl":{"start":{"line":46,"column":16},"end":{"line":46,"column":37}},"loc":{"start":{"line":46,"column":90},"end":{"line":52,"column":1}}},"4":{"name":"renderEmptyArray","decl":{"start":{"line":54,"column":16},"end":{"line":54,"column":32}},"loc":{"start":{"line":54,"column":70},"end":{"line":56,"column":1}}},"5":{"name":"renderObjectKey","decl":{"start":{"line":58,"column":16},"end":{"line":58,"column":31}},"loc":{"start":{"line":58,"column":82},"end":{"line":63,"column":1}}},"6":{"name":"renderDash","decl":{"start":{"line":65,"column":16},"end":{"line":65,"column":26}},"loc":{"start":{"line":65,"column":64},"end":{"line":70,"column":1}}},"7":{"name":"renderMaxDepth","decl":{"start":{"line":72,"column":16},"end":{"line":72,"column":30}},"loc":{"start":{"line":72,"column":68},"end":{"line":74,"column":1}}},"8":{"name":"renderSerializableObjectValue","decl":{"start":{"line":76,"column":16},"end":{"line":76,"column":45}},"loc":{"start":{"line":76,"column":129},"end":{"line":82,"column":1}}},"9":{"name":"renderMaxDepthObjectValue","decl":{"start":{"line":84,"column":16},"end":{"line":84,"column":41}},"loc":{"start":{"line":84,"column":113},"end":{"line":90,"column":1}}},"10":{"name":"renderInlineArray","decl":{"start":{"line":92,"column":16},"end":{"line":92,"column":33}},"loc":{"start":{"line":92,"column":85},"end":{"line":97,"column":1}}},"11":{"name":"(anonymous_11)","decl":{"start":{"line":93,"column":40},"end":{"line":93,"column":43}},"loc":{"start":{"line":93,"column":45},"end":{"line":93,"column":88}}},"12":{"name":"renderSerializableArrayValue","decl":{"start":{"line":99,"column":16},"end":{"line":99,"column":44}},"loc":{"start":{"line":99,"column":94},"end":{"line":104,"column":1}}},"13":{"name":"renderMaxDepthArrayValue","decl":{"start":{"line":106,"column":16},"end":{"line":106,"column":40}},"loc":{"start":{"line":106,"column":78},"end":{"line":111,"column":1}}},"14":{"name":"renderErrorStack","decl":{"start":{"line":113,"column":16},"end":{"line":113,"column":32}},"loc":{"start":{"line":113,"column":85},"end":{"line":119,"column":1}}},"15":{"name":"renderObjectErrorStack","decl":{"start":{"line":121,"column":16},"end":{"line":121,"column":38}},"loc":{"start":{"line":121,"column":104},"end":{"line":126,"column":1}}}},"branchMap":{"0":{"loc":{"start":{"line":17,"column":4},"end":{"line":17,"column":48}},"type":"if","locations":[{"start":{"line":17,"column":4},"end":{"line":17,"column":48}}]},"1":{"loc":{"start":{"line":18,"column":4},"end":{"line":18,"column":43}},"type":"if","locations":[{"start":{"line":18,"column":4},"end":{"line":18,"column":43}}]},"2":{"loc":{"start":{"line":19,"column":4},"end":{"line":19,"column":45}},"type":"if","locations":[{"start":{"line":19,"column":4},"end":{"line":19,"column":45}}]},"3":{"loc":{"start":{"line":20,"column":4},"end":{"line":20,"column":43}},"type":"if","locations":[{"start":{"line":20,"column":4},"end":{"line":20,"column":43}}]},"4":{"loc":{"start":{"line":21,"column":4},"end":{"line":21,"column":53}},"type":"if","locations":[{"start":{"line":21,"column":4},"end":{"line":21,"column":53}}]},"5":{"loc":{"start":{"line":22,"column":4},"end":{"line":22,"column":48}},"type":"if","locations":[{"start":{"line":22,"column":4},"end":{"line":22,"column":48}}]},"6":{"loc":{"start":{"line":23,"column":4},"end":{"line":23,"column":50}},"type":"if","locations":[{"start":{"line":23,"column":4},"end":{"line":23,"column":50}}]},"7":{"loc":{"start":{"line":32,"column":86},"end":{"line":32,"column":106}},"type":"default-arg","locations":[{"start":{"line":32,"column":102},"end":{"line":32,"column":106}}]},"8":{"loc":{"start":{"line":33,"column":4},"end":{"line":38,"column":5}},"type":"if","locations":[{"start":{"line":33,"column":4},"end":{"line":38,"column":5}}]},"9":{"loc":{"start":{"line":34,"column":8},"end":{"line":36,"column":9}},"type":"if","locations":[{"start":{"line":34,"column":8},"end":{"line":36,"column":9}}]},"10":{"loc":{"start":{"line":34,"column":12},"end":{"line":34,"column":64}},"type":"binary-expr","locations":[{"start":{"line":34,"column":12},"end":{"line":34,"column":28}},{"start":{"line":34,"column":32},"end":{"line":34,"column":64}}]},"11":{"loc":{"start":{"line":43,"column":42},"end":{"line":43,"column":57}},"type":"cond-expr","locations":[{"start":{"line":43,"column":50},"end":{"line":43,"column":54}},{"start":{"line":43,"column":55},"end":{"line":43,"column":57}}]},"12":{"loc":{"start":{"line":59,"column":19},"end":{"line":59,"column":39}},"type":"binary-expr","locations":[{"start":{"line":59,"column":19},"end":{"line":59,"column":33}},{"start":{"line":59,"column":37},"end":{"line":59,"column":39}}]}},"s":{"0":1,"1":1,"2":1,"3":1,"4":1,"5":1,"6":1,"7":1,"8":1,"9":1,"10":1,"11":1,"12":1,"13":1,"14":1,"15":1,"16":1,"17":16,"18":16,"19":16,"20":0,"21":0,"22":0,"23":0,"24":0,"25":0,"26":0,"27":0,"28":0,"29":0,"30":0,"31":0,"32":0,"33":0,"34":16,"35":0,"36":0,"37":0,"38":16,"39":16,"40":16,"41":0,"42":0,"43":0,"44":0,"45":0,"46":0,"47":0,"48":0,"49":0,"50":0,"51":0,"52":0,"53":0,"54":0,"55":0,"56":0,"57":0,"58":0,"59":0,"60":0,"61":0,"62":0,"63":0,"64":0,"65":0,"66":0,"67":0,"68":0,"69":0,"70":0,"71":0,"72":0,"73":0,"74":0,"75":0,"76":0,"77":0},"f":{"0":16,"1":0,"2":16,"3":0,"4":0,"5":0,"6":0,"7":0,"8":0,"9":0,"10":0,"11":0,"12":0,"13":0,"14":0,"15":0},"b":{"0":[16],"1":[0],"2":[0],"3":[0],"4":[0],"5":[0],"6":[0],"7":[16],"8":[0],"9":[0],"10":[0,0],"11":[16,0],"12":[0,0]}}
,"/Users/jeremy/Documents/Github/node-formatted-logger/src/lib/typeInspect.ts": {"path":"/Users/jeremy/Documents/Github/node-formatted-logger/src/lib/typeInspect.ts","statementMap":{"0":{"start":{"line":10,"column":0},"end":{"line":10,"column":16}},"1":{"start":{"line":23,"column":0},"end":{"line":23,"column":16}},"2":{"start":{"line":32,"column":0},"end":{"line":32,"column":16}},"3":{"start":{"line":41,"column":0},"end":{"line":41,"column":16}},"4":{"start":{"line":11,"column":17},"end":{"line":11,"column":29}},"5":{"start":{"line":12,"column":4},"end":{"line":20,"column":6}},"6":{"start":{"line":24,"column":4},"end":{"line":24,"column":null}},"7":{"start":{"line":33,"column":4},"end":{"line":33,"column":65}},"8":{"start":{"line":42,"column":4},"end":{"line":42,"column":53}}},"fnMap":{"0":{"name":"isSerializable","decl":{"start":{"line":10,"column":16},"end":{"line":10,"column":30}},"loc":{"start":{"line":10,"column":58},"end":{"line":21,"column":1}}},"1":{"name":"isInlineArray","decl":{"start":{"line":23,"column":16},"end":{"line":23,"column":29}},"loc":{"start":{"line":23,"column":57},"end":{"line":25,"column":1}}},"2":{"name":"isSingleLineString","decl":{"start":{"line":32,"column":16},"end":{"line":32,"column":34}},"loc":{"start":{"line":32,"column":44},"end":{"line":34,"column":1}}},"3":{"name":"isEmptyArray","decl":{"start":{"line":41,"column":16},"end":{"line":41,"column":28}},"loc":{"start":{"line":41,"column":39},"end":{"line":43,"column":1}}}},"branchMap":{"0":{"loc":{"start":{"line":13,"column":8},"end":{"line":19,"column":27}},"type":"binary-expr","locations":[{"start":{"line":13,"column":8},"end":{"line":13,"column":26}},{"start":{"line":14,"column":8},"end":{"line":14,"column":25}},{"start":{"line":15,"column":8},"end":{"line":15,"column":22}},{"start":{"line":16,"column":8},"end":{"line":16,"column":29}},{"start":{"line":17,"column":8},"end":{"line":17,"column":27}},{"start":{"line":18,"column":8},"end":{"line":18,"column":33}},{"start":{"line":19,"column":8},"end":{"line":19,"column":27}}]},"1":{"loc":{"start":{"line":24,"column":11},"end":{"line":24,"column":66}},"type":"binary-expr","locations":[{"start":{"line":24,"column":11},"end":{"line":24,"column":30}},{"start":{"line":24,"column":34},"end":{"line":24,"column":66}}]},"2":{"loc":{"start":{"line":33,"column":11},"end":{"line":33,"column":64}},"type":"binary-expr","locations":[{"start":{"line":33,"column":11},"end":{"line":33,"column":35}},{"start":{"line":33,"column":39},"end":{"line":33,"column":64}}]},"3":{"loc":{"start":{"line":42,"column":11},"end":{"line":42,"column":52}},"type":"binary-expr","locations":[{"start":{"line":42,"column":11},"end":{"line":42,"column":31}},{"start":{"line":42,"column":35},"end":{"line":42,"column":52}}]}},"s":{"0":1,"1":1,"2":1,"3":1,"4":16,"5":16,"6":0,"7":16,"8":0},"f":{"0":16,"1":0,"2":16,"3":0},"b":{"0":[16,16,16,16,16,16,0],"1":[0,0],"2":[16,16],"3":[0,0]}}
,"/Users/jeremy/Documents/Github/node-formatted-logger/src/lib/utils.ts": {"path":"/Users/jeremy/Documents/Github/node-formatted-logger/src/lib/utils.ts","statementMap":{"0":{"start":{"line":6,"column":0},"end":{"line":6,"column":16}},"1":{"start":{"line":12,"column":0},"end":{"line":12,"column":16}},"2":{"start":{"line":22,"column":0},"end":{"line":22,"column":16}},"3":{"start":{"line":34,"column":0},"end":{"line":34,"column":16}},"4":{"start":{"line":43,"column":0},"end":{"line":43,"column":16}},"5":{"start":{"line":59,"column":0},"end":{"line":59,"column":16}},"6":{"start":{"line":64,"column":0},"end":{"line":64,"column":16}},"7":{"start":{"line":81,"column":0},"end":{"line":81,"column":16}},"8":{"start":{"line":89,"column":0},"end":{"line":89,"column":16}},"9":{"start":{"line":93,"column":0},"end":{"line":93,"column":16}},"10":{"start":{"line":3,"column":0},"end":{"line":3,"column":41}},"11":{"start":{"line":7,"column":4},"end":{"line":9,"column":5}},"12":{"start":{"line":7,"column":17},"end":{"line":7,"column":33}},"13":{"start":{"line":8,"column":8},"end":{"line":8,"column":37}},"14":{"start":{"line":13,"column":4},"end":{"line":15,"column":5}},"15":{"start":{"line":14,"column":8},"end":{"line":14,"column":null}},"16":{"start":{"line":16,"column":4},"end":{"line":18,"column":5}},"17":{"start":{"line":17,"column":6},"end":{"line":17,"column":null}},"18":{"start":{"line":19,"column":4},"end":{"line":19,"column":null}},"19":{"start":{"line":23,"column":4},"end":{"line":25,"column":5}},"20":{"start":{"line":24,"column":8},"end":{"line":24,"column":35}},"21":{"start":{"line":26,"column":4},"end":{"line":26,"column":null}},"22":{"start":{"line":35,"column":4},"end":{"line":35,"column":null}},"23":{"start":{"line":44,"column":20},"end":{"line":44,"column":21}},"24":{"start":{"line":45,"column":4},"end":{"line":48,"column":7}},"25":{"start":{"line":46,"column":23},"end":{"line":46,"column":36}},"26":{"start":{"line":47,"column":8},"end":{"line":47,"column":51}},"27":{"start":{"line":47,"column":32},"end":{"line":47,"column":51}},"28":{"start":{"line":50,"column":4},"end":{"line":50,"column":21}},"29":{"start":{"line":60,"column":20},"end":{"line":60,"column":41}},"30":{"start":{"line":61,"column":4},"end":{"line":61,"column":74}},"31":{"start":{"line":65,"column":24},"end":{"line":65,"column":34}},"32":{"start":{"line":66,"column":4},"end":{"line":66,"column":40}},"33":{"start":{"line":66,"column":24},"end":{"line":66,"column":40}},"34":{"start":{"line":67,"column":4},"end":{"line":67,"column":50}},"35":{"start":{"line":67,"column":29},"end":{"line":67,"column":50}},"36":{"start":{"line":68,"column":4},"end":{"line":70,"column":5}},"37":{"start":{"line":69,"column":8},"end":{"line":69,"column":null}},"38":{"start":{"line":72,"column":4},"end":{"line":72,"column":null}},"39":{"start":{"line":82,"column":4},"end":{"line":84,"column":5}},"40":{"start":{"line":83,"column":8},"end":{"line":83,"column":null}},"41":{"start":{"line":85,"column":4},"end":{"line":85,"column":33}},"42":{"start":{"line":90,"column":4},"end":{"line":90,"column":70}},"43":{"start":{"line":94,"column":4},"end":{"line":94,"column":39}},"44":{"start":{"line":94,"column":25},"end":{"line":94,"column":39}},"45":{"start":{"line":95,"column":19},"end":{"line":95,"column":34}},"46":{"start":{"line":97,"column":4},"end":{"line":110,"column":5}},"47":{"start":{"line":98,"column":6},"end":{"line":109,"column":7}},"48":{"start":{"line":99,"column":8},"end":{"line":108,"column":9}},"49":{"start":{"line":100,"column":10},"end":{"line":104,"column":11}},"50":{"start":{"line":101,"column":12},"end":{"line":101,"column":49}},"51":{"start":{"line":103,"column":12},"end":{"line":103,"column":null}},"52":{"start":{"line":105,"column":10},"end":{"line":105,"column":46}},"53":{"start":{"line":107,"column":10},"end":{"line":107,"column":56}},"54":{"start":{"line":112,"column":4},"end":{"line":112,"column":41}}},"fnMap":{"0":{"name":"forEachRight","decl":{"start":{"line":6,"column":16},"end":{"line":6,"column":28}},"loc":{"start":{"line":6,"column":93},"end":{"line":10,"column":1}}},"1":{"name":"type","decl":{"start":{"line":12,"column":16},"end":{"line":12,"column":20}},"loc":{"start":{"line":12,"column":31},"end":{"line":20,"column":1}}},"2":{"name":"repeat","decl":{"start":{"line":22,"column":16},"end":{"line":22,"column":22}},"loc":{"start":{"line":22,"column":49},"end":{"line":27,"column":1}}},"3":{"name":"indent","decl":{"start":{"line":34,"column":16},"end":{"line":34,"column":22}},"loc":{"start":{"line":34,"column":41},"end":{"line":36,"column":1}}},"4":{"name":"maxLength","decl":{"start":{"line":43,"column":16},"end":{"line":43,"column":25}},"loc":{"start":{"line":43,"column":48},"end":{"line":51,"column":1}}},"5":{"name":"(anonymous_5)","decl":{"start":{"line":45,"column":20},"end":{"line":45,"column":21}},"loc":{"start":{"line":45,"column":31},"end":{"line":48,"column":5}}},"6":{"name":"alignString","decl":{"start":{"line":59,"column":16},"end":{"line":59,"column":27}},"loc":{"start":{"line":59,"column":63},"end":{"line":62,"column":1}}},"7":{"name":"stringify","decl":{"start":{"line":64,"column":16},"end":{"line":64,"column":25}},"loc":{"start":{"line":64,"column":52},"end":{"line":73,"column":1}}},"8":{"name":"colorThing","decl":{"start":{"line":81,"column":16},"end":{"line":81,"column":26}},"loc":{"start":{"line":81,"column":72},"end":{"line":86,"column":1}}},"9":{"name":"isObject","decl":{"start":{"line":89,"column":16},"end":{"line":89,"column":24}},"loc":{"start":{"line":89,"column":33},"end":{"line":91,"column":3}}},"10":{"name":"mergeDeep","decl":{"start":{"line":93,"column":16},"end":{"line":93,"column":25}},"loc":{"start":{"line":93,"column":52},"end":{"line":113,"column":3}}}},"branchMap":{"0":{"loc":{"start":{"line":13,"column":4},"end":{"line":15,"column":5}},"type":"if","locations":[{"start":{"line":13,"column":4},"end":{"line":15,"column":5}}]},"1":{"loc":{"start":{"line":16,"column":4},"end":{"line":18,"column":5}},"type":"if","locations":[{"start":{"line":16,"column":4},"end":{"line":18,"column":5}}]},"2":{"loc":{"start":{"line":23,"column":4},"end":{"line":25,"column":5}},"type":"if","locations":[{"start":{"line":23,"column":4},"end":{"line":25,"column":5}}]},"3":{"loc":{"start":{"line":23,"column":8},"end":{"line":23,"column":33}},"type":"binary-expr","locations":[{"start":{"line":23,"column":8},"end":{"line":23,"column":18}},{"start":{"line":23,"column":22},"end":{"line":23,"column":33}}]},"4":{"loc":{"start":{"line":47,"column":8},"end":{"line":47,"column":51}},"type":"if","locations":[{"start":{"line":47,"column":8},"end":{"line":47,"column":51}}]},"5":{"loc":{"start":{"line":66,"column":4},"end":{"line":66,"column":40}},"type":"if","locations":[{"start":{"line":66,"column":4},"end":{"line":66,"column":40}}]},"6":{"loc":{"start":{"line":67,"column":4},"end":{"line":67,"column":50}},"type":"if","locations":[{"start":{"line":67,"column":4},"end":{"line":67,"column":50}}]},"7":{"loc":{"start":{"line":68,"column":4},"end":{"line":70,"column":5}},"type":"if","locations":[{"start":{"line":68,"column":4},"end":{"line":70,"column":5}}]},"8":{"loc":{"start":{"line":82,"column":4},"end":{"line":84,"column":5}},"type":"if","locations":[{"start":{"line":82,"column":4},"end":{"line":84,"column":5}}]},"9":{"loc":{"start":{"line":90,"column":12},"end":{"line":90,"column":68}},"type":"binary-expr","locations":[{"start":{"line":90,"column":12},"end":{"line":90,"column":16}},{"start":{"line":90,"column":20},"end":{"line":90,"column":44}},{"start":{"line":90,"column":48},"end":{"line":90,"column":68}}]},"10":{"loc":{"start":{"line":94,"column":4},"end":{"line":94,"column":39}},"type":"if","locations":[{"start":{"line":94,"column":4},"end":{"line":94,"column":39}}]},"11":{"loc":{"start":{"line":97,"column":4},"end":{"line":110,"column":5}},"type":"if","locations":[{"start":{"line":97,"column":4},"end":{"line":110,"column":5}}]},"12":{"loc":{"start":{"line":97,"column":8},"end":{"line":97,"column":44}},"type":"binary-expr","locations":[{"start":{"line":97,"column":8},"end":{"line":97,"column":24}},{"start":{"line":97,"column":28},"end":{"line":97,"column":44}}]},"13":{"loc":{"start":{"line":99,"column":8},"end":{"line":108,"column":9}},"type":"if","locations":[{"start":{"line":99,"column":8},"end":{"line":108,"column":9}},{"start":{"line":106,"column":15},"end":{"line":108,"column":9}}]},"14":{"loc":{"start":{"line":100,"column":10},"end":{"line":104,"column":11}},"type":"if","locations":[{"start":{"line":100,"column":10},"end":{"line":104,"column":11}},{"start":{"line":102,"column":15},"end":{"line":104,"column":11}}]}},"s":{"0":1,"1":1,"2":1,"3":1,"4":1,"5":1,"6":1,"7":1,"8":1,"9":1,"10":1,"11":0,"12":0,"13":0,"14":0,"15":0,"16":0,"17":0,"18":0,"19":0,"20":0,"21":0,"22":0,"23":0,"24":0,"25":0,"26":0,"27":0,"28":0,"29":0,"30":0,"31":16,"32":16,"33":0,"34":16,"35":0,"36":16,"37":0,"38":16,"39":16,"40":16,"41":0,"42":63,"43":26,"44":13,"45":13,"46":13,"47":13,"48":37,"49":0,"50":0,"51":0,"52":0,"53":37,"54":13},"f":{"0":0,"1":0,"2":0,"3":0,"4":0,"5":0,"6":0,"7":16,"8":16,"9":63,"10":26},"b":{"0":[0],"1":[0],"2":[0],"3":[0,0],"4":[0],"5":[0],"6":[0],"7":[0],"8":[16],"9":[63,63,27],"10":[13],"11":[13],"12":[13,13],"13":[0,37],"14":[0,0]}}
}
