TN:
SF:src/logger.ts
FN:9,(anonymous_7)
FN:48,(anonymous_8)
FN:52,(anonymous_9)
FN:54,(anonymous_10)
FN:57,(anonymous_11)
FN:64,(anonymous_12)
FN:72,(anonymous_13)
FN:76,(anonymous_14)
FN:89,(anonymous_15)
FN:93,(anonymous_16)
FN:97,(anonymous_17)
FN:101,(anonymous_18)
FN:119,(anonymous_19)
FN:129,(anonymous_20)
FN:143,(anonymous_21)
FN:152,(anonymous_22)
FN:162,(anonymous_23)
FN:172,(anonymous_24)
FN:182,(anonymous_25)
FNF:19
FNH:18
FNDA:13,(anonymous_7)
FNDA:13,(anonymous_8)
FNDA:1,(anonymous_9)
FNDA:1,(anonymous_10)
FNDA:8,(anonymous_11)
FNDA:16,(anonymous_12)
FNDA:24,(anonymous_13)
FNDA:16,(anonymous_14)
FNDA:0,(anonymous_15)
FNDA:8,(anonymous_16)
FNDA:17,(anonymous_17)
FNDA:2,(anonymous_18)
FNDA:4,(anonymous_19)
FNDA:4,(anonymous_20)
FNDA:1,(anonymous_21)
FNDA:4,(anonymous_22)
FNDA:2,(anonymous_23)
FNDA:2,(anonymous_24)
FNDA:8,(anonymous_25)
DA:1,1
DA:3,1
DA:4,1
DA:7,1
DA:9,13
DA:42,1
DA:43,13
DA:44,13
DA:46,13
DA:49,13
DA:54,1
DA:58,8
DA:59,8
DA:61,0
DA:65,16
DA:66,16
DA:67,16
DA:69,0
DA:73,24
DA:78,16
DA:79,0
DA:83,16
DA:84,16
DA:85,16
DA:87,0
DA:89,0
DA:94,8
DA:98,17
DA:99,15
DA:100,1
DA:101,1
DA:102,2
DA:103,2
DA:104,2
DA:106,1
DA:108,14
DA:109,14
DA:110,14
DA:120,4
DA:121,4
DA:122,4
DA:130,4
DA:131,4
DA:132,4
DA:133,4
DA:135,4
DA:144,1
DA:145,1
DA:153,4
DA:154,4
DA:163,2
DA:164,2
DA:173,2
DA:174,2
DA:183,8
DA:184,8
LF:56
LH:51
BRDA:58,0,0,8
BRDA:66,1,0,16
BRDA:78,2,0,0
BRDA:84,3,0,16
BRDA:98,4,0,2
BRDA:98,5,0,0
BRDA:98,5,1,17
BRDA:98,6,0,17
BRDA:98,6,1,17
BRDA:99,7,0,1
BRDA:99,7,1,14
BRDA:100,8,0,1
BRDA:100,8,1,1
BRDA:106,9,0,1
BRDA:106,9,1,1
BRDA:120,10,0,3
BRDA:120,10,1,1
BRDA:130,11,0,4
BRF:18
BRH:16
end_of_record
TN:
SF:src/lib/prettyoutput.ts
FN:15,render
FN:44,(anonymous_7)
FN:65,(anonymous_8)
FNF:3
FNH:1
FNDA:16,render
FNDA:0,(anonymous_7)
FNDA:0,(anonymous_8)
DA:3,1
DA:4,1
DA:5,1
DA:15,1
DA:17,16
DA:18,16
DA:19,16
DA:23,16
DA:25,16
DA:26,16
DA:28,16
DA:30,16
DA:31,16
DA:32,16
DA:33,16
DA:35,16
DA:36,0
DA:37,16
DA:38,0
DA:39,16
DA:40,16
DA:41,0
DA:42,0
DA:43,0
DA:44,0
DA:45,0
DA:46,0
DA:47,0
DA:48,0
DA:51,0
DA:52,0
DA:53,0
DA:54,0
DA:57,0
DA:58,0
DA:59,0
DA:62,0
DA:63,0
DA:64,0
DA:65,0
DA:66,0
DA:68,0
DA:69,0
DA:70,0
DA:71,0
DA:74,0
DA:75,0
DA:76,0
DA:77,0
DA:80,0
DA:81,0
DA:82,0
DA:83,0
DA:86,0
DA:87,0
DA:88,0
DA:93,16
LF:57
LH:20
BRDA:18,0,0,0
BRDA:18,0,1,16
BRDA:28,1,0,0
BRDA:30,2,0,16
BRDA:30,2,1,16
BRDA:31,3,0,16
BRDA:31,3,1,16
BRDA:35,4,0,0
BRDA:35,4,1,16
BRDA:37,5,0,0
BRDA:37,5,1,16
BRDA:39,6,0,16
BRDA:39,6,1,0
BRDA:41,7,0,0
BRDA:41,7,1,0
BRDA:43,8,0,0
BRDA:43,8,1,0
BRDA:45,9,0,0
BRDA:51,10,0,0
BRDA:64,11,0,0
BRDA:64,11,1,0
BRDA:68,12,0,0
BRDA:68,13,0,0
BRDA:68,13,1,0
BRDA:74,14,0,0
BRDA:74,15,0,0
BRDA:74,15,1,0
BRDA:80,16,0,0
BRF:28
BRH:8
end_of_record
TN:
SF:src/lib/renderer.ts
FN:14,inputColor
FN:28,indent
FN:32,renderSerializable
FN:46,renderMultilineString
FN:54,renderEmptyArray
FN:58,renderObjectKey
FN:65,renderDash
FN:72,renderMaxDepth
FN:76,renderSerializableObjectValue
FN:84,renderMaxDepthObjectValue
FN:92,renderInlineArray
FN:93,(anonymous_17)
FN:99,renderSerializableArrayValue
FN:106,renderMaxDepthArrayValue
FN:113,renderErrorStack
FN:121,renderObjectErrorStack
FNF:16
FNH:2
FNDA:16,inputColor
FNDA:0,indent
FNDA:16,renderSerializable
FNDA:0,renderMultilineString
FNDA:0,renderEmptyArray
FNDA:0,renderObjectKey
FNDA:0,renderDash
FNDA:0,renderMaxDepth
FNDA:0,renderSerializableObjectValue
FNDA:0,renderMaxDepthObjectValue
FNDA:0,renderInlineArray
FNDA:0,(anonymous_17)
FNDA:0,renderSerializableArrayValue
FNDA:0,renderMaxDepthArrayValue
FNDA:0,renderErrorStack
FNDA:0,renderObjectErrorStack
DA:4,1
DA:5,1
DA:14,1
DA:15,16
DA:17,16
DA:18,0
DA:19,0
DA:20,0
DA:21,0
DA:22,0
DA:23,0
DA:25,0
DA:28,1
DA:29,0
DA:32,1
DA:33,16
DA:34,0
DA:35,0
DA:37,0
DA:40,16
DA:41,16
DA:43,16
DA:46,1
DA:47,0
DA:48,0
DA:49,0
DA:51,0
DA:54,1
DA:55,0
DA:58,1
DA:59,0
DA:60,0
DA:62,0
DA:65,1
DA:66,0
DA:67,0
DA:69,0
DA:72,1
DA:73,0
DA:76,1
DA:77,0
DA:78,0
DA:79,0
DA:81,0
DA:84,1
DA:85,0
DA:86,0
DA:87,0
DA:89,0
DA:92,1
DA:93,0
DA:96,0
DA:99,1
DA:100,0
DA:101,0
DA:103,0
DA:106,1
DA:107,0
DA:108,0
DA:110,0
DA:113,1
DA:114,0
DA:115,0
DA:116,0
DA:118,0
DA:121,1
DA:122,0
DA:123,0
DA:124,0
DA:125,0
LF:70
LH:23
BRDA:17,0,0,16
BRDA:18,1,0,0
BRDA:19,2,0,0
BRDA:20,3,0,0
BRDA:21,4,0,0
BRDA:22,5,0,0
BRDA:23,6,0,0
BRDA:32,7,0,16
BRDA:33,8,0,0
BRDA:34,9,0,0
BRDA:34,10,0,0
BRDA:34,10,1,0
BRDA:43,11,0,16
BRDA:43,11,1,0
BRDA:59,12,0,0
BRDA:59,12,1,0
BRF:16
BRH:3
end_of_record
TN:
SF:src/lib/typeInspect.ts
FN:10,isSerializable
FN:23,isInlineArray
FN:32,isSingleLineString
FN:41,isEmptyArray
FNF:4
FNH:2
FNDA:16,isSerializable
FNDA:0,isInlineArray
FNDA:16,isSingleLineString
FNDA:0,isEmptyArray
DA:10,1
DA:11,16
DA:12,16
DA:23,1
DA:24,0
DA:32,1
DA:33,16
DA:41,1
DA:42,0
LF:9
LH:7
BRDA:13,0,0,16
BRDA:13,0,1,16
BRDA:13,0,2,16
BRDA:13,0,3,16
BRDA:13,0,4,16
BRDA:13,0,5,16
BRDA:13,0,6,0
BRDA:24,1,0,0
BRDA:24,1,1,0
BRDA:33,2,0,16
BRDA:33,2,1,16
BRDA:42,3,0,0
BRDA:42,3,1,0
BRF:13
BRH:8
end_of_record
TN:
SF:src/lib/utils.ts
FN:6,forEachRight
FN:12,type
FN:22,repeat
FN:34,indent
FN:43,maxLength
FN:45,(anonymous_6)
FN:59,alignString
FN:64,stringify
FN:81,colorThing
FN:89,isObject
FN:93,mergeDeep
FNF:11
FNH:4
FNDA:0,forEachRight
FNDA:0,type
FNDA:0,repeat
FNDA:0,indent
FNDA:0,maxLength
FNDA:0,(anonymous_6)
FNDA:0,alignString
FNDA:16,stringify
FNDA:16,colorThing
FNDA:63,isObject
FNDA:26,mergeDeep
DA:3,1
DA:6,1
DA:7,0
DA:8,0
DA:12,1
DA:13,0
DA:14,0
DA:16,0
DA:17,0
DA:19,0
DA:22,1
DA:23,0
DA:24,0
DA:26,0
DA:34,1
DA:35,0
DA:43,1
DA:44,0
DA:45,0
DA:46,0
DA:47,0
DA:50,0
DA:59,1
DA:60,0
DA:61,0
DA:64,1
DA:65,16
DA:66,16
DA:67,16
DA:68,16
DA:69,0
DA:72,16
DA:81,1
DA:82,16
DA:83,16
DA:85,0
DA:89,1
DA:90,63
DA:93,1
DA:94,26
DA:95,13
DA:97,13
DA:98,13
DA:99,37
DA:100,0
DA:101,0
DA:103,0
DA:105,0
DA:107,37
DA:112,13
LF:50
LH:26
BRDA:13,0,0,0
BRDA:16,1,0,0
BRDA:23,2,0,0
BRDA:23,3,0,0
BRDA:23,3,1,0
BRDA:47,4,0,0
BRDA:66,5,0,0
BRDA:67,6,0,0
BRDA:68,7,0,0
BRDA:82,8,0,16
BRDA:90,9,0,63
BRDA:90,9,1,63
BRDA:90,9,2,27
BRDA:94,10,0,13
BRDA:97,11,0,13
BRDA:97,12,0,13
BRDA:97,12,1,13
BRDA:99,13,0,0
BRDA:99,13,1,37
BRDA:100,14,0,0
BRDA:100,14,1,0
BRF:21
BRH:9
end_of_record
